# JRE version: Java(TM) SE Runtime Environment (8.0_73-b02) (build 1.8.0_73-b02)
# Java VM: Java HotSpot(TM) Client VM (25.73-b02 mixed mode windows-x86 )
Heap:
 def new generation   total 16576K, used 6474K [0x04c00000, 0x05df0000, 0x0a150000)
  eden space 14784K,  39% used [0x04c00000, 0x051bba78, 0x05a70000)
  from space 1792K,  33% used [0x05c30000, 0x05cc6e58, 0x05df0000)
  to   space 1792K,   0% used [0x05a70000, 0x05a70000, 0x05c30000)
 tenured generation   total 36692K, used 26251K [0x0a150000, 0x0c525000, 0x14c00000)
   the space 36692K,  71% used [0x0a150000, 0x0baf2ef8, 0x0baf3000, 0x0c525000)
 Metaspace       used 32477K, capacity 32680K, committed 32768K, reserved 33152K
GC Heap History (10 events):
Event: 23.436 GC heap before
{Heap before GC invocations=85 (full 3):
 def new generation   total 16576K, used 15815K [0x04c00000, 0x05df0000, 0x0a150000)
  eden space 14784K, 100% used [0x04c00000, 0x05a70000, 0x05a70000)
  from space 1792K,  57% used [0x05a70000, 0x05b71f68, 0x05c30000)
  to   space 1792K,   0% used [0x05c30000, 0x05c30000, 0x05df0000)
 tenured generation   total 36692K, used 23119K [0x0a150000, 0x0c525000, 0x14c00000)
   the space 36692K,  63% used [0x0a150000, 0x0b7e3ea8, 0x0b7e4000, 0x0c525000)
 Metaspace       used 30129K, capacity 30326K, committed 30464K, reserved 31104K
Event: 23.460 GC heap after
Heap after GC invocations=86 (full 3):
 def new generation   total 16576K, used 1115K [0x04c00000, 0x05df0000, 0x0a150000)
  eden space 14784K,   0% used [0x04c00000, 0x04c00000, 0x05a70000)
  from space 1792K,  62% used [0x05c30000, 0x05d46c38, 0x05df0000)
  to   space 1792K,   0% used [0x05a70000, 0x05a70000, 0x05c30000)
 tenured generation   total 36692K, used 23801K [0x0a150000, 0x0c525000, 0x14c00000)
   the space 36692K,  64% used [0x0a150000, 0x0b88e7b8, 0x0b88e800, 0x0c525000)
 Metaspace       used 30129K, capacity 30326K, committed 30464K, reserved 31104K
}
Event: 23.956 GC heap before
{Heap before GC invocations=86 (full 3):
 def new generation   total 16576K, used 15899K [0x04c00000, 0x05df0000, 0x0a150000)
  eden space 14784K, 100% used [0x04c00000, 0x05a70000, 0x05a70000)
  from space 1792K,  62% used [0x05c30000, 0x05d46c38, 0x05df0000)
  to   space 1792K,   0% used [0x05a70000, 0x05a70000, 0x05c30000)
 tenured generation   total 36692K, used 23801K [0x0a150000, 0x0c525000, 0x14c00000)
   the space 36692K,  64% used [0x0a150000, 0x0b88e7b8, 0x0b88e800, 0x0c525000)
 Metaspace       used 30968K, capacity 31163K, committed 31232K, reserved 32128K
Event: 23.972 GC heap after
Heap after GC invocations=87 (full 3):
 def new generation   total 16576K, used 1488K [0x04c00000, 0x05df0000, 0x0a150000)
  eden space 14784K,   0% used [0x04c00000, 0x04c00000, 0x05a70000)
  from space 1792K,  83% used [0x05a70000, 0x05be42d8, 0x05c30000)
  to   space 1792K,   0% used [0x05c30000, 0x05c30000, 0x05df0000)
 tenured generation   total 36692K, used 24312K [0x0a150000, 0x0c525000, 0x14c00000)
   the space 36692K,  66% used [0x0a150000, 0x0b90e348, 0x0b90e400, 0x0c525000)
 Metaspace       used 30968K, capacity 31163K, committed 31232K, reserved 32128K
}
Event: 24.868 GC heap before
{Heap before GC invocations=87 (full 3):
 def new generation   total 16576K, used 16272K [0x04c00000, 0x05df0000, 0x0a150000)
  eden space 14784K, 100% used [0x04c00000, 0x05a70000, 0x05a70000)
  from space 1792K,  83% used [0x05a70000, 0x05be42d8, 0x05c30000)
  to   space 1792K,   0% used [0x05c30000, 0x05c30000, 0x05df0000)
 tenured generation   total 36692K, used 24312K [0x0a150000, 0x0c525000, 0x14c00000)
   the space 36692K,  66% used [0x0a150000, 0x0b90e348, 0x0b90e400, 0x0c525000)
 Metaspace       used 31969K, capacity 32197K, committed 32384K, reserved 33152K
Event: 24.888 GC heap after
Heap after GC invocations=88 (full 3):
 def new generation   total 16576K, used 1702K [0x04c00000, 0x05df0000, 0x0a150000)
  eden space 14784K,   0% used [0x04c00000, 0x04c00000, 0x05a70000)
  from space 1792K,  95% used [0x05c30000, 0x05dd99d8, 0x05df0000)
  to   space 1792K,   0% used [0x05a70000, 0x05a70000, 0x05c30000)
 tenured generation   total 36692K, used 25282K [0x0a150000, 0x0c525000, 0x14c00000)
   the space 36692K,  68% used [0x0a150000, 0x0ba00948, 0x0ba00a00, 0x0c525000)
 Metaspace       used 31969K, capacity 32197K, committed 32384K, reserved 33152K
}
Event: 25.253 GC heap before
{Heap before GC invocations=88 (full 3):
 def new generation   total 16576K, used 16486K [0x04c00000, 0x05df0000, 0x0a150000)
  eden space 14784K, 100% used [0x04c00000, 0x05a70000, 0x05a70000)
  from space 1792K,  95% used [0x05c30000, 0x05dd99d8, 0x05df0000)
  to   space 1792K,   0% used [0x05a70000, 0x05a70000, 0x05c30000)
 tenured generation   total 36692K, used 25282K [0x0a150000, 0x0c525000, 0x14c00000)
   the space 36692K,  68% used [0x0a150000, 0x0ba00948, 0x0ba00a00, 0x0c525000)
 Metaspace       used 32343K, capacity 32581K, committed 32768K, reserved 33152K
Event: 25.267 GC heap after
Heap after GC invocations=89 (full 3):
 def new generation   total 16576K, used 1017K [0x04c00000, 0x05df0000, 0x0a150000)
  eden space 14784K,   0% used [0x04c00000, 0x04c00000, 0x05a70000)
  from space 1792K,  56% used [0x05a70000, 0x05b6e6e0, 0x05c30000)
  to   space 1792K,   0% used [0x05c30000, 0x05c30000, 0x05df0000)
 tenured generation   total 36692K, used 25940K [0x0a150000, 0x0c525000, 0x14c00000)
   the space 36692K,  70% used [0x0a150000, 0x0baa52b0, 0x0baa5400, 0x0c525000)
 Metaspace       used 32343K, capacity 32581K, committed 32768K, reserved 33152K
}
Event: 25.530 GC heap before
{Heap before GC invocations=89 (full 3):
 def new generation   total 16576K, used 15801K [0x04c00000, 0x05df0000, 0x0a150000)
  eden space 14784K, 100% used [0x04c00000, 0x05a70000, 0x05a70000)
  from space 1792K,  56% used [0x05a70000, 0x05b6e6e0, 0x05c30000)
  to   space 1792K,   0% used [0x05c30000, 0x05c30000, 0x05df0000)
 tenured generation   total 36692K, used 25940K [0x0a150000, 0x0c525000, 0x14c00000)
   the space 36692K,  70% used [0x0a150000, 0x0baa52b0, 0x0baa5400, 0x0c525000)
 Metaspace       used 32455K, capacity 32680K, committed 32768K, reserved 33152K
Event: 25.542 GC heap after
Heap after GC invocations=90 (full 3):
 def new generation   total 16576K, used 603K [0x04c00000, 0x05df0000, 0x0a150000)
  eden space 14784K,   0% used [0x04c00000, 0x04c00000, 0x05a70000)
  from space 1792K,  33% used [0x05c30000, 0x05cc6e58, 0x05df0000)
  to   space 1792K,   0% used [0x05a70000, 0x05a70000, 0x05c30000)
 tenured generation   total 36692K, used 26251K [0x0a150000, 0x0c525000, 0x14c00000)
   the space 36692K,  71% used [0x0a150000, 0x0baf2ef8, 0x0baf3000, 0x0c525000)
 Metaspace       used 32455K, capacity 32680K, committed 32768K, reserved 33152K
}

